<?xml version="1.0" encoding="UTF-8"?>
<testsuite name="is.fantastic7.tictactoe.TicTacToeTest" tests="13" skipped="0" failures="0" errors="0" timestamp="2014-11-02T10:54:34" hostname="Sigrun-PC" time="0.058">
  <properties/>
  <testcase name="testSwitchPlayer" classname="is.fantastic7.tictactoe.TicTacToeTest" time="0.004"/>
  <testcase name="testDisplayBoard" classname="is.fantastic7.tictactoe.TicTacToeTest" time="0.05"/>
  <testcase name="testCheckIfBoardNotFull" classname="is.fantastic7.tictactoe.TicTacToeTest" time="0.0"/>
  <testcase name="testCheckIfWinGameFinished" classname="is.fantastic7.tictactoe.TicTacToeTest" time="0.0"/>
  <testcase name="testSetStartPlayer" classname="is.fantastic7.tictactoe.TicTacToeTest" time="0.0"/>
  <testcase name="testCheckNoWin" classname="is.fantastic7.tictactoe.TicTacToeTest" time="0.0"/>
  <testcase name="testRegisterMove" classname="is.fantastic7.tictactoe.TicTacToeTest" time="0.001"/>
  <testcase name="testCheckIfGameFinishedBoardFull" classname="is.fantastic7.tictactoe.TicTacToeTest" time="0.0"/>
  <testcase name="testCheckIfWinAcross" classname="is.fantastic7.tictactoe.TicTacToeTest" time="0.0"/>
  <testcase name="testTicTacToeConstructor" classname="is.fantastic7.tictactoe.TicTacToeTest" time="0.0"/>
  <testcase name="testCheckIfWinCol" classname="is.fantastic7.tictactoe.TicTacToeTest" time="0.0"/>
  <testcase name="testCheckIfWinRow" classname="is.fantastic7.tictactoe.TicTacToeTest" time="0.0"/>
  <testcase name="testNewBoard" classname="is.fantastic7.tictactoe.TicTacToeTest" time="0.0"/>
  <system-out><![CDATA[-------------
| - | - | - | 
-------------
| - | - | - | 
-------------
| - | - | - | 
-------------

-------------
| x | - | - | 
-------------
| - | - | - | 
-------------
| - | - | - | 
-------------

]]></system-out>
  <system-err><![CDATA[]]></system-err>
</testsuite>
